<?xml version="1.0" encoding="UTF-8"?>
<!-- Generated by org.testng.reporters.JUnitReportReporter -->
<testsuite skipped="0" hostname="DESKTOP-LOD61PF" name="com.atf.com.testcases.HomePageTest" tests="2" failures="0" timestamp="29 Mar 2020 12:07:24 GMT" time="41.319" errors="0">
  <testcase name="homePageloginUserNameTest" time="21.111" classname="com.atf.com.testcases.HomePageTest"/>
  <testcase name="verifyContactlinkTest" time="20.208" classname="com.atf.com.testcases.HomePageTest"/>
</testsuite> <!-- com.atf.com.testcases.HomePageTest -->
