<?xml version="1.0" encoding="UTF-8"?>
<!-- Generated by org.testng.reporters.JUnitReportReporter -->
<testsuite skipped="0" hostname="DESKTOP-LOD61PF" name="com.atf.com.testcases.LoginPageTest" tests="3" failures="0" timestamp="29 Mar 2020 12:07:24 GMT" time="48.486" errors="0">
  <testcase name="crmLoginImgtest" time="14.170" classname="com.atf.com.testcases.LoginPageTest"/>
  <testcase name="verifycrmTitleTest" time="13.656" classname="com.atf.com.testcases.LoginPageTest"/>
  <testcase name="verifyLoginBtntest" time="20.660" classname="com.atf.com.testcases.LoginPageTest"/>
</testsuite> <!-- com.atf.com.testcases.LoginPageTest -->
